0 info it worked if it ends with ok
1 verbose cli [ 'node', '/usr/local/bin/npm', 'install' ]
2 info using npm@1.4.28
3 info using node@v0.10.33
4 verbose readDependencies using package.json deps
5 verbose install where, deps [ '/Users/gustavoasj/Dropbox/CEFET/7 periodo/Web/tp2/my-project',
5 verbose install   [ 'body-parser',
5 verbose install     'error-handler',
5 verbose install     'express',
5 verbose install     'jade',
5 verbose install     'method-override',
5 verbose install     'morgan' ] ]
6 info preinstall application-name@0.0.1
7 verbose readDependencies using package.json deps
8 verbose cache add [ 'body-parser@^1.0.2', null ]
9 verbose cache add name=undefined spec="body-parser@^1.0.2" args=["body-parser@^1.0.2",null]
10 verbose parsed url { protocol: null,
10 verbose parsed url   slashes: null,
10 verbose parsed url   auth: null,
10 verbose parsed url   host: null,
10 verbose parsed url   port: null,
10 verbose parsed url   hostname: null,
10 verbose parsed url   hash: null,
10 verbose parsed url   search: null,
10 verbose parsed url   query: null,
10 verbose parsed url   pathname: 'body-parser@^1.0.2',
10 verbose parsed url   path: 'body-parser@^1.0.2',
10 verbose parsed url   href: 'body-parser@^1.0.2' }
11 verbose cache add [ 'error-handler@^0.1.4', null ]
12 verbose cache add name=undefined spec="error-handler@^0.1.4" args=["error-handler@^0.1.4",null]
13 verbose parsed url { protocol: null,
13 verbose parsed url   slashes: null,
13 verbose parsed url   auth: null,
13 verbose parsed url   host: null,
13 verbose parsed url   port: null,
13 verbose parsed url   hostname: null,
13 verbose parsed url   hash: null,
13 verbose parsed url   search: null,
13 verbose parsed url   query: null,
13 verbose parsed url   pathname: 'error-handler@^0.1.4',
13 verbose parsed url   path: 'error-handler@^0.1.4',
13 verbose parsed url   href: 'error-handler@^0.1.4' }
14 verbose cache add [ 'express@~4.1.1', null ]
15 verbose cache add name=undefined spec="express@~4.1.1" args=["express@~4.1.1",null]
16 verbose parsed url { protocol: null,
16 verbose parsed url   slashes: null,
16 verbose parsed url   auth: null,
16 verbose parsed url   host: null,
16 verbose parsed url   port: null,
16 verbose parsed url   hostname: null,
16 verbose parsed url   hash: null,
16 verbose parsed url   search: null,
16 verbose parsed url   query: null,
16 verbose parsed url   pathname: 'express@~4.1.1',
16 verbose parsed url   path: 'express@~4.1.1',
16 verbose parsed url   href: 'express@~4.1.1' }
17 verbose cache add [ 'jade@~0.31.2', null ]
18 verbose cache add name=undefined spec="jade@~0.31.2" args=["jade@~0.31.2",null]
19 verbose parsed url { protocol: null,
19 verbose parsed url   slashes: null,
19 verbose parsed url   auth: null,
19 verbose parsed url   host: null,
19 verbose parsed url   port: null,
19 verbose parsed url   hostname: null,
19 verbose parsed url   hash: null,
19 verbose parsed url   search: null,
19 verbose parsed url   query: null,
19 verbose parsed url   pathname: 'jade@~0.31.2',
19 verbose parsed url   path: 'jade@~0.31.2',
19 verbose parsed url   href: 'jade@~0.31.2' }
20 verbose cache add name="body-parser" spec="^1.0.2" args=["body-parser","^1.0.2"]
21 verbose parsed url { protocol: null,
21 verbose parsed url   slashes: null,
21 verbose parsed url   auth: null,
21 verbose parsed url   host: null,
21 verbose parsed url   port: null,
21 verbose parsed url   hostname: null,
21 verbose parsed url   hash: null,
21 verbose parsed url   search: null,
21 verbose parsed url   query: null,
21 verbose parsed url   pathname: '^1.0.2',
21 verbose parsed url   path: '^1.0.2',
21 verbose parsed url   href: '^1.0.2' }
22 verbose addNamed [ 'body-parser', '^1.0.2' ]
23 verbose addNamed [ null, '>=1.0.2-0 <2.0.0-0' ]
24 verbose cache add name="error-handler" spec="^0.1.4" args=["error-handler","^0.1.4"]
25 verbose parsed url { protocol: null,
25 verbose parsed url   slashes: null,
25 verbose parsed url   auth: null,
25 verbose parsed url   host: null,
25 verbose parsed url   port: null,
25 verbose parsed url   hostname: null,
25 verbose parsed url   hash: null,
25 verbose parsed url   search: null,
25 verbose parsed url   query: null,
25 verbose parsed url   pathname: '^0.1.4',
25 verbose parsed url   path: '^0.1.4',
25 verbose parsed url   href: '^0.1.4' }
26 verbose addNamed [ 'error-handler', '^0.1.4' ]
27 verbose addNamed [ null, '>=0.1.4-0 <0.2.0-0' ]
28 verbose cache add name="express" spec="~4.1.1" args=["express","~4.1.1"]
29 verbose parsed url { protocol: null,
29 verbose parsed url   slashes: null,
29 verbose parsed url   auth: null,
29 verbose parsed url   host: null,
29 verbose parsed url   port: null,
29 verbose parsed url   hostname: null,
29 verbose parsed url   hash: null,
29 verbose parsed url   search: null,
29 verbose parsed url   query: null,
29 verbose parsed url   pathname: '~4.1.1',
29 verbose parsed url   path: '~4.1.1',
29 verbose parsed url   href: '~4.1.1' }
30 verbose addNamed [ 'express', '~4.1.1' ]
31 verbose addNamed [ null, '>=4.1.1-0 <4.2.0-0' ]
32 verbose cache add [ 'method-override@^1.0.0', null ]
33 verbose cache add name=undefined spec="method-override@^1.0.0" args=["method-override@^1.0.0",null]
34 verbose parsed url { protocol: null,
34 verbose parsed url   slashes: null,
34 verbose parsed url   auth: null,
34 verbose parsed url   host: null,
34 verbose parsed url   port: null,
34 verbose parsed url   hostname: null,
34 verbose parsed url   hash: null,
34 verbose parsed url   search: null,
34 verbose parsed url   query: null,
34 verbose parsed url   pathname: 'method-override@^1.0.0',
34 verbose parsed url   path: 'method-override@^1.0.0',
34 verbose parsed url   href: 'method-override@^1.0.0' }
35 verbose cache add name="jade" spec="~0.31.2" args=["jade","~0.31.2"]
36 verbose parsed url { protocol: null,
36 verbose parsed url   slashes: null,
36 verbose parsed url   auth: null,
36 verbose parsed url   host: null,
36 verbose parsed url   port: null,
36 verbose parsed url   hostname: null,
36 verbose parsed url   hash: null,
36 verbose parsed url   search: null,
36 verbose parsed url   query: null,
36 verbose parsed url   pathname: '~0.31.2',
36 verbose parsed url   path: '~0.31.2',
36 verbose parsed url   href: '~0.31.2' }
37 verbose addNamed [ 'jade', '~0.31.2' ]
38 verbose addNamed [ null, '>=0.31.2-0 <0.32.0-0' ]
39 silly lockFile 6eea3351-body-parser-1-0-2 body-parser@^1.0.2
40 verbose lock body-parser@^1.0.2 /Users/gustavoasj/.npm/6eea3351-body-parser-1-0-2.lock
41 silly lockFile c54f9b9b-error-handler-0-1-4 error-handler@^0.1.4
42 verbose lock error-handler@^0.1.4 /Users/gustavoasj/.npm/c54f9b9b-error-handler-0-1-4.lock
43 silly lockFile d2a80f76-express-4-1-1 express@~4.1.1
44 verbose lock express@~4.1.1 /Users/gustavoasj/.npm/d2a80f76-express-4-1-1.lock
45 silly lockFile 950216ff-jade-0-31-2 jade@~0.31.2
46 verbose lock jade@~0.31.2 /Users/gustavoasj/.npm/950216ff-jade-0-31-2.lock
47 verbose cache add [ 'morgan@^1.0.0', null ]
48 verbose cache add name=undefined spec="morgan@^1.0.0" args=["morgan@^1.0.0",null]
49 verbose parsed url { protocol: null,
49 verbose parsed url   slashes: null,
49 verbose parsed url   auth: null,
49 verbose parsed url   host: null,
49 verbose parsed url   port: null,
49 verbose parsed url   hostname: null,
49 verbose parsed url   hash: null,
49 verbose parsed url   search: null,
49 verbose parsed url   query: null,
49 verbose parsed url   pathname: 'morgan@^1.0.0',
49 verbose parsed url   path: 'morgan@^1.0.0',
49 verbose parsed url   href: 'morgan@^1.0.0' }
50 verbose cache add name="method-override" spec="^1.0.0" args=["method-override","^1.0.0"]
51 verbose parsed url { protocol: null,
51 verbose parsed url   slashes: null,
51 verbose parsed url   auth: null,
51 verbose parsed url   host: null,
51 verbose parsed url   port: null,
51 verbose parsed url   hostname: null,
51 verbose parsed url   hash: null,
51 verbose parsed url   search: null,
51 verbose parsed url   query: null,
51 verbose parsed url   pathname: '^1.0.0',
51 verbose parsed url   path: '^1.0.0',
51 verbose parsed url   href: '^1.0.0' }
52 verbose addNamed [ 'method-override', '^1.0.0' ]
53 verbose addNamed [ null, '>=1.0.0-0 <2.0.0-0' ]
54 silly lockFile 8e11df7c-method-override-1-0-0 method-override@^1.0.0
55 verbose lock method-override@^1.0.0 /Users/gustavoasj/.npm/8e11df7c-method-override-1-0-0.lock
56 verbose cache add name="morgan" spec="^1.0.0" args=["morgan","^1.0.0"]
57 verbose parsed url { protocol: null,
57 verbose parsed url   slashes: null,
57 verbose parsed url   auth: null,
57 verbose parsed url   host: null,
57 verbose parsed url   port: null,
57 verbose parsed url   hostname: null,
57 verbose parsed url   hash: null,
57 verbose parsed url   search: null,
57 verbose parsed url   query: null,
57 verbose parsed url   pathname: '^1.0.0',
57 verbose parsed url   path: '^1.0.0',
57 verbose parsed url   href: '^1.0.0' }
58 verbose addNamed [ 'morgan', '^1.0.0' ]
59 verbose addNamed [ null, '>=1.0.0-0 <2.0.0-0' ]
60 silly lockFile 6bd81862-morgan-1-0-0 morgan@^1.0.0
61 verbose lock morgan@^1.0.0 /Users/gustavoasj/.npm/6bd81862-morgan-1-0-0.lock
62 silly addNameRange { name: 'error-handler',
62 silly addNameRange   range: '>=0.1.4-0 <0.2.0-0',
62 silly addNameRange   hasData: false }
63 silly addNameRange { name: 'express', range: '>=4.1.1-0 <4.2.0-0', hasData: false }
64 silly addNameRange { name: 'jade', range: '>=0.31.2-0 <0.32.0-0', hasData: false }
65 silly addNameRange { name: 'body-parser',
65 silly addNameRange   range: '>=1.0.2-0 <2.0.0-0',
65 silly addNameRange   hasData: false }
66 silly addNameRange { name: 'method-override',
66 silly addNameRange   range: '>=1.0.0-0 <2.0.0-0',
66 silly addNameRange   hasData: false }
67 verbose request where is /error-handler
68 verbose request registry https://registry.npmjs.org/
69 verbose request id c1c4c0338e48af0c
70 verbose url raw /error-handler
71 verbose url resolving [ 'https://registry.npmjs.org/', './error-handler' ]
72 verbose url resolved https://registry.npmjs.org/error-handler
73 verbose request where is https://registry.npmjs.org/error-handler
74 info trying registry request attempt 1 at 20:19:27
75 http GET https://registry.npmjs.org/error-handler
76 verbose request where is /jade
77 verbose request registry https://registry.npmjs.org/
78 verbose url raw /jade
79 verbose url resolving [ 'https://registry.npmjs.org/', './jade' ]
80 verbose url resolved https://registry.npmjs.org/jade
81 verbose request where is https://registry.npmjs.org/jade
82 info trying registry request attempt 1 at 20:19:27
83 http GET https://registry.npmjs.org/jade
84 silly addNameRange { name: 'morgan', range: '>=1.0.0-0 <2.0.0-0', hasData: false }
85 verbose request where is /method-override
86 verbose request registry https://registry.npmjs.org/
87 verbose url raw /method-override
88 verbose url resolving [ 'https://registry.npmjs.org/', './method-override' ]
89 verbose url resolved https://registry.npmjs.org/method-override
90 verbose request where is https://registry.npmjs.org/method-override
91 info trying registry request attempt 1 at 20:19:27
92 http GET https://registry.npmjs.org/method-override
93 verbose request where is /express
94 verbose request registry https://registry.npmjs.org/
95 verbose url raw /express
96 verbose url resolving [ 'https://registry.npmjs.org/', './express' ]
97 verbose url resolved https://registry.npmjs.org/express
98 verbose request where is https://registry.npmjs.org/express
99 info trying registry request attempt 1 at 20:19:27
100 verbose etag "7PGD38JYBUBO98JFVDZL2MC1M"
101 http GET https://registry.npmjs.org/express
102 verbose request where is /body-parser
103 verbose request registry https://registry.npmjs.org/
104 verbose url raw /body-parser
105 verbose url resolving [ 'https://registry.npmjs.org/', './body-parser' ]
106 verbose url resolved https://registry.npmjs.org/body-parser
107 verbose request where is https://registry.npmjs.org/body-parser
108 info trying registry request attempt 1 at 20:19:27
109 verbose etag "AM92QHQ3G80IUM6R67XRWM24C"
110 http GET https://registry.npmjs.org/body-parser
111 verbose request where is /morgan
112 verbose request registry https://registry.npmjs.org/
113 verbose url raw /morgan
114 verbose url resolving [ 'https://registry.npmjs.org/', './morgan' ]
115 verbose url resolved https://registry.npmjs.org/morgan
116 verbose request where is https://registry.npmjs.org/morgan
117 info trying registry request attempt 1 at 20:19:27
118 verbose etag "L97DS0NRI2U3NPM1YWH1Y3NB"
119 http GET https://registry.npmjs.org/morgan
120 http 304 https://registry.npmjs.org/body-parser
121 silly registry.get cb [ 304,
121 silly registry.get   { date: 'Sun, 18 Jan 2015 22:19:30 GMT',
121 silly registry.get     server: 'Apache',
121 silly registry.get     via: '1.1 varnish',
121 silly registry.get     'last-modified': 'Sun, 18 Jan 2015 22:19:30 GMT',
121 silly registry.get     'cache-control': 'max-age=60',
121 silly registry.get     etag: '"AM92QHQ3G80IUM6R67XRWM24C"',
121 silly registry.get     age: '26',
121 silly registry.get     'x-served-by': 'cache-atl6232-ATL',
121 silly registry.get     'x-cache': 'HIT',
121 silly registry.get     'x-cache-hits': '1',
121 silly registry.get     'x-timer': 'S1421619570.514561,VS0,VE1',
121 silly registry.get     vary: 'Accept',
121 silly registry.get     'content-length': '0',
121 silly registry.get     'keep-alive': 'timeout=10, max=50',
121 silly registry.get     connection: 'Keep-Alive' } ]
122 verbose etag https://registry.npmjs.org/body-parser from cache
123 silly addNameRange number 2 { name: 'body-parser',
123 silly addNameRange   range: '>=1.0.2-0 <2.0.0-0',
123 silly addNameRange   hasData: true }
124 silly addNameRange versions [ 'body-parser',
124 silly addNameRange   [ '1.0.0',
124 silly addNameRange     '1.0.1',
124 silly addNameRange     '1.0.2',
124 silly addNameRange     '1.1.0',
124 silly addNameRange     '1.1.1',
124 silly addNameRange     '1.1.2',
124 silly addNameRange     '1.2.0',
124 silly addNameRange     '1.2.1',
124 silly addNameRange     '1.2.2',
124 silly addNameRange     '1.3.0',
124 silly addNameRange     '1.3.1',
124 silly addNameRange     '1.4.0',
124 silly addNameRange     '1.4.1',
124 silly addNameRange     '1.4.2',
124 silly addNameRange     '1.4.3',
124 silly addNameRange     '1.5.0',
124 silly addNameRange     '1.5.1',
124 silly addNameRange     '1.5.2',
124 silly addNameRange     '1.6.0',
124 silly addNameRange     '1.6.1',
124 silly addNameRange     '1.6.2',
124 silly addNameRange     '1.6.3',
124 silly addNameRange     '1.6.4',
124 silly addNameRange     '1.6.5',
124 silly addNameRange     '1.6.6',
124 silly addNameRange     '1.6.7',
124 silly addNameRange     '1.7.0',
124 silly addNameRange     '1.8.0',
124 silly addNameRange     '1.8.1',
124 silly addNameRange     '1.8.2',
124 silly addNameRange     '1.8.3',
124 silly addNameRange     '1.8.4',
124 silly addNameRange     '1.9.0',
124 silly addNameRange     '1.9.1',
124 silly addNameRange     '1.9.2',
124 silly addNameRange     '1.9.3',
124 silly addNameRange     '1.10.0',
124 silly addNameRange     '1.10.1' ] ]
125 verbose addNamed [ 'body-parser', '1.10.1' ]
126 verbose addNamed [ '1.10.1', '1.10.1' ]
127 silly lockFile 0f993b18-body-parser-1-10-1 body-parser@1.10.1
128 verbose lock body-parser@1.10.1 /Users/gustavoasj/.npm/0f993b18-body-parser-1-10-1.lock
129 silly lockFile 0f993b18-body-parser-1-10-1 body-parser@1.10.1
130 silly lockFile 0f993b18-body-parser-1-10-1 body-parser@1.10.1
131 silly lockFile 6eea3351-body-parser-1-0-2 body-parser@^1.0.2
132 silly lockFile 6eea3351-body-parser-1-0-2 body-parser@^1.0.2
133 http 304 https://registry.npmjs.org/express
134 silly registry.get cb [ 304,
134 silly registry.get   { date: 'Sun, 18 Jan 2015 22:19:30 GMT',
134 silly registry.get     server: 'Apache',
134 silly registry.get     via: '1.1 varnish',
134 silly registry.get     'last-modified': 'Sun, 18 Jan 2015 22:19:30 GMT',
134 silly registry.get     'cache-control': 'max-age=60',
134 silly registry.get     etag: '"7PGD38JYBUBO98JFVDZL2MC1M"',
134 silly registry.get     age: '57',
134 silly registry.get     'x-served-by': 'cache-atl6230-ATL',
134 silly registry.get     'x-cache': 'HIT',
134 silly registry.get     'x-cache-hits': '1',
134 silly registry.get     'x-timer': 'S1421619570.659539,VS0,VE5',
134 silly registry.get     vary: 'Accept',
134 silly registry.get     'content-length': '0',
134 silly registry.get     'keep-alive': 'timeout=10, max=50',
134 silly registry.get     connection: 'Keep-Alive' } ]
135 verbose etag https://registry.npmjs.org/express from cache
136 silly addNameRange number 2 { name: 'express', range: '>=4.1.1-0 <4.2.0-0', hasData: true }
137 silly addNameRange versions [ 'express',
137 silly addNameRange   [ '0.14.0',
137 silly addNameRange     '0.14.1',
137 silly addNameRange     '1.0.0',
137 silly addNameRange     '1.0.1',
137 silly addNameRange     '1.0.2',
137 silly addNameRange     '1.0.3',
137 silly addNameRange     '1.0.4',
137 silly addNameRange     '1.0.5',
137 silly addNameRange     '1.0.6',
137 silly addNameRange     '1.0.7',
137 silly addNameRange     '1.0.8',
137 silly addNameRange     '2.0.0',
137 silly addNameRange     '2.1.0',
137 silly addNameRange     '2.1.1',
137 silly addNameRange     '2.2.0',
137 silly addNameRange     '2.2.1',
137 silly addNameRange     '2.2.2',
137 silly addNameRange     '2.3.0',
137 silly addNameRange     '2.3.1',
137 silly addNameRange     '2.3.2',
137 silly addNameRange     '2.3.3',
137 silly addNameRange     '2.3.4',
137 silly addNameRange     '2.3.5',
137 silly addNameRange     '2.3.6',
137 silly addNameRange     '2.3.7',
137 silly addNameRange     '2.3.8',
137 silly addNameRange     '2.3.9',
137 silly addNameRange     '2.3.10',
137 silly addNameRange     '2.3.11',
137 silly addNameRange     '2.3.12',
137 silly addNameRange     '2.4.0',
137 silly addNameRange     '2.4.1',
137 silly addNameRange     '2.4.2',
137 silly addNameRange     '2.4.3',
137 silly addNameRange     '2.4.4',
137 silly addNameRange     '2.4.5',
137 silly addNameRange     '2.4.6',
137 silly addNameRange     '2.4.7',
137 silly addNameRange     '2.5.0',
137 silly addNameRange     '2.5.1',
137 silly addNameRange     '2.5.2',
137 silly addNameRange     '2.5.3',
137 silly addNameRange     '2.5.4',
137 silly addNameRange     '2.5.5',
137 silly addNameRange     '2.5.6',
137 silly addNameRange     '2.5.7',
137 silly addNameRange     '2.5.8',
137 silly addNameRange     '2.5.9',
137 silly addNameRange     '2.5.10',
137 silly addNameRange     '2.5.11',
137 silly addNameRange     '3.0.0',
137 silly addNameRange     '3.0.1',
137 silly addNameRange     '3.0.2',
137 silly addNameRange     '3.0.3',
137 silly addNameRange     '3.0.4',
137 silly addNameRange     '3.0.5',
137 silly addNameRange     '3.0.6',
137 silly addNameRange     '3.1.0',
137 silly addNameRange     '3.1.1',
137 silly addNameRange     '3.1.2',
137 silly addNameRange     '3.2.0',
137 silly addNameRange     '3.2.1',
137 silly addNameRange     '3.2.2',
137 silly addNameRange     '3.2.3',
137 silly addNameRange     '3.2.4',
137 silly addNameRange     '3.2.5',
137 silly addNameRange     '3.2.6',
137 silly addNameRange     '3.3.0',
137 silly addNameRange     '3.3.1',
137 silly addNameRange     '3.3.2',
137 silly addNameRange     '3.3.3',
137 silly addNameRange     '3.3.4',
137 silly addNameRange     '3.3.5',
137 silly addNameRange     '3.3.6',
137 silly addNameRange     '1.0.0-beta',
137 silly addNameRange     '1.0.0-beta2',
137 silly addNameRange     '1.0.0-rc',
137 silly addNameRange     '1.0.0-rc2',
137 silly addNameRange     '1.0.0-rc3',
137 silly addNameRange     '1.0.0-rc4',
137 silly addNameRange     '2.0.0-beta',
137 silly addNameRange     '2.0.0-beta2',
137 silly addNameRange     '2.0.0-beta3',
137 silly addNameRange     '2.0.0-rc',
137 silly addNameRange     '2.0.0-rc2',
137 silly addNameRange     '2.0.0-rc3',
137 silly addNameRange     '3.0.0-alpha1',
137 silly addNameRange     '3.0.0-alpha2',
137 silly addNameRange     '3.0.0-alpha3',
137 silly addNameRange     '3.0.0-alpha4',
137 silly addNameRange     '3.0.0-alpha5',
137 silly addNameRange     '3.0.0-beta1',
137 silly addNameRange     '3.0.0-beta2',
137 silly addNameRange     '3.0.0-beta3',
137 silly addNameRange     '3.0.0-beta4',
137 silly addNameRange     '3.0.0-beta6',
137 silly addNameRange     '3.0.0-beta7',
137 silly addNameRange     '3.0.0-rc1',
137 silly addNameRange     '3.0.0-rc2',
137 silly addNameRange     '3.0.0-rc3',
137 silly addNameRange     '3.0.0-rc4',
137 silly addNameRange     '3.0.0-rc5',
137 silly addNameRange     '3.3.7',
137 silly addNameRange     '3.3.8',
137 silly addNameRange     '3.4.0',
137 silly addNameRange     '3.4.1',
137 silly addNameRange     '3.4.2',
137 silly addNameRange     '3.4.3',
137 silly addNameRange     '3.4.4',
137 silly addNameRange     '3.4.5',
137 silly addNameRange     '3.4.6',
137 silly addNameRange     '3.4.7',
137 silly addNameRange     '3.4.8',
137 silly addNameRange     '4.0.0-rc1',
137 silly addNameRange     '4.0.0-rc2',
137 silly addNameRange     '3.5.0',
137 silly addNameRange     '4.0.0-rc3',
137 silly addNameRange     '4.0.0-rc4',
137 silly addNameRange     '3.5.1',
137 silly addNameRange     '4.0.0',
137 silly addNameRange     '3.5.2',
137 silly addNameRange     '4.1.0',
137 silly addNameRange     '4.1.1',
137 silly addNameRange     '3.5.3',
137 silly addNameRange     '4.1.2',
137 silly addNameRange     '3.6.0',
137 silly addNameRange     '4.2.0',
137 silly addNameRange     '3.7.0',
137 silly addNameRange     '3.8.0',
137 silly addNameRange     '4.3.0',
137 silly addNameRange     '4.3.1',
137 silly addNameRange     '3.8.1',
137 silly addNameRange     '4.3.2',
137 silly addNameRange     '3.9.0',
137 silly addNameRange     '4.4.0',
137 silly addNameRange     '4.4.1',
137 silly addNameRange     '3.10.0',
137 silly addNameRange     '3.10.1',
137 silly addNameRange     '3.10.2',
137 silly addNameRange     '3.10.3',
137 silly addNameRange     '3.10.4',
137 silly addNameRange     '4.4.2',
137 silly addNameRange     '3.10.5',
137 silly addNameRange     '4.4.3',
137 silly addNameRange     '3.11.0',
137 silly addNameRange     '4.4.4',
137 silly addNameRange     '3.12.0',
137 silly addNameRange     '3.12.1',
137 silly addNameRange     '4.4.5',
137 silly addNameRange     '3.13.0',
137 silly addNameRange     '4.5.0',
137 silly addNameRange     '4.5.1',
137 silly addNameRange     '3.14.0',
137 silly addNameRange     '4.6.0',
137 silly addNameRange     '4.6.1',
137 silly addNameRange     '3.15.0',
137 silly addNameRange     '4.7.0',
137 silly addNameRange     '3.15.1',
137 silly addNameRange     '4.7.1',
137 silly addNameRange     '3.15.2',
137 silly addNameRange     '4.7.2',
137 silly addNameRange     '4.7.3',
137 silly addNameRange     '3.15.3',
137 silly addNameRange     '4.7.4',
137 silly addNameRange     '3.16.0',
137 silly addNameRange     '4.8.0',
137 silly addNameRange     '3.16.1',
137 silly addNameRange     '4.8.1',
137 silly addNameRange     '3.16.2',
137 silly addNameRange     '4.8.2',
137 silly addNameRange     '3.16.3',
137 silly addNameRange     '3.16.4',
137 silly addNameRange     '4.8.3',
137 silly addNameRange     '3.16.5',
137 silly addNameRange     '3.16.6',
137 silly addNameRange     '4.8.4',
137 silly addNameRange     '3.16.7',
137 silly addNameRange     '4.8.5',
137 silly addNameRange     '3.16.8',
137 silly addNameRange     '4.8.6',
137 silly addNameRange     '3.16.9',
137 silly addNameRange     '4.8.7',
137 silly addNameRange     '3.16.10',
137 silly addNameRange     '4.8.8',
137 silly addNameRange     '3.17.0',
137 silly addNameRange     '3.17.1',
137 silly addNameRange     '4.9.0',
137 silly addNameRange     '3.17.2',
137 silly addNameRange     '4.9.1',
137 silly addNameRange     '4.9.2',
137 silly addNameRange     '3.17.3',
137 silly addNameRange     '4.9.3',
137 silly addNameRange     '3.17.4',
137 silly addNameRange     '4.9.4',
137 silly addNameRange     '3.17.5',
137 silly addNameRange     '4.9.5',
137 silly addNameRange     '3.17.6',
137 silly addNameRange     '3.17.7',
137 silly addNameRange     '4.9.6',
137 silly addNameRange     '4.9.7',
137 silly addNameRange     '3.17.8',
137 silly addNameRange     '4.9.8',
137 silly addNameRange     '3.18.0',
137 silly addNameRange     '3.18.1',
137 silly addNameRange     '4.10.0',
137 silly addNameRange     '3.18.2',
137 silly addNameRange     '4.10.1',
137 silly addNameRange     '5.0.0-alpha.1',
137 silly addNameRange     '3.18.3',
137 silly addNameRange     '4.10.2',
137 silly addNameRange     '3.18.4',
137 silly addNameRange     '4.10.3',
137 silly addNameRange     '4.10.4',
137 silly addNameRange     '4.10.5',
137 silly addNameRange     '3.18.5',
137 silly addNameRange     '3.18.6',
137 silly addNameRange     '4.10.6',
137 silly addNameRange     '4.10.7',
137 silly addNameRange     '3.19.0',
137 silly addNameRange     '4.10.8',
137 silly addNameRange     '4.11.0' ] ]
138 verbose addNamed [ 'express', '4.1.2' ]
139 verbose addNamed [ '4.1.2', '4.1.2' ]
140 silly lockFile e48cdf41-express-4-1-2 express@4.1.2
141 verbose lock express@4.1.2 /Users/gustavoasj/.npm/e48cdf41-express-4-1-2.lock
142 silly lockFile 9a80f174-js-org-express-express-4-1-2-tgz https://registry.npmjs.org/express/-/express-4.1.2.tgz
143 verbose lock https://registry.npmjs.org/express/-/express-4.1.2.tgz /Users/gustavoasj/.npm/9a80f174-js-org-express-express-4-1-2-tgz.lock
144 verbose addRemoteTarball [ 'https://registry.npmjs.org/express/-/express-4.1.2.tgz',
144 verbose addRemoteTarball   'cb1d114255718a65a1bcd6958036ef720c529487' ]
145 info retry fetch attempt 1 at 20:19:30
146 verbose fetch to= /var/folders/zv/mdp6tntn65xf60mz1gj081vh0000gn/T/npm-26632-lyD67cGT/registry.npmjs.org/express/-/express-4.1.2.tgz
147 http GET https://registry.npmjs.org/express/-/express-4.1.2.tgz
148 http 304 https://registry.npmjs.org/morgan
149 silly registry.get cb [ 304,
149 silly registry.get   { date: 'Sun, 18 Jan 2015 22:19:30 GMT',
149 silly registry.get     server: 'Apache',
149 silly registry.get     via: '1.1 varnish',
149 silly registry.get     'last-modified': 'Sun, 18 Jan 2015 22:19:30 GMT',
149 silly registry.get     'cache-control': 'max-age=60',
149 silly registry.get     etag: '"L97DS0NRI2U3NPM1YWH1Y3NB"',
149 silly registry.get     age: '39',
149 silly registry.get     'x-served-by': 'cache-atl6232-ATL',
149 silly registry.get     'x-cache': 'HIT',
149 silly registry.get     'x-cache-hits': '1',
149 silly registry.get     'x-timer': 'S1421619570.844030,VS0,VE1',
149 silly registry.get     vary: 'Accept',
149 silly registry.get     'content-length': '0',
149 silly registry.get     'keep-alive': 'timeout=10, max=49',
149 silly registry.get     connection: 'Keep-Alive' } ]
150 verbose etag https://registry.npmjs.org/morgan from cache
151 silly addNameRange number 2 { name: 'morgan', range: '>=1.0.0-0 <2.0.0-0', hasData: true }
152 silly addNameRange versions [ 'morgan',
152 silly addNameRange   [ '1.0.0',
152 silly addNameRange     '1.0.1',
152 silly addNameRange     '1.1.0',
152 silly addNameRange     '1.1.1',
152 silly addNameRange     '1.2.0',
152 silly addNameRange     '1.2.1',
152 silly addNameRange     '1.2.2',
152 silly addNameRange     '1.2.3',
152 silly addNameRange     '1.3.0',
152 silly addNameRange     '1.3.1',
152 silly addNameRange     '1.3.2',
152 silly addNameRange     '1.4.0',
152 silly addNameRange     '1.4.1',
152 silly addNameRange     '1.5.0',
152 silly addNameRange     '1.5.1' ] ]
153 verbose addNamed [ 'morgan', '1.5.1' ]
154 verbose addNamed [ '1.5.1', '1.5.1' ]
155 silly lockFile 7ab299d0-morgan-1-5-1 morgan@1.5.1
156 verbose lock morgan@1.5.1 /Users/gustavoasj/.npm/7ab299d0-morgan-1-5-1.lock
157 silly lockFile 7ab299d0-morgan-1-5-1 morgan@1.5.1
158 silly lockFile 7ab299d0-morgan-1-5-1 morgan@1.5.1
159 silly lockFile 6bd81862-morgan-1-0-0 morgan@^1.0.0
160 silly lockFile 6bd81862-morgan-1-0-0 morgan@^1.0.0
161 http 200 https://registry.npmjs.org/method-override
162 silly registry.get cb [ 200,
162 silly registry.get   { date: 'Sun, 18 Jan 2015 22:19:30 GMT',
162 silly registry.get     server: 'CouchDB/1.5.0 (Erlang OTP/R16B03)',
162 silly registry.get     etag: '"6KT8NT1PSWE677IUI7MISRIE2"',
162 silly registry.get     'content-type': 'application/json',
162 silly registry.get     'cache-control': 'max-age=60',
162 silly registry.get     'content-length': '29078',
162 silly registry.get     'accept-ranges': 'bytes',
162 silly registry.get     via: '1.1 varnish',
162 silly registry.get     age: '11',
162 silly registry.get     'x-served-by': 'cache-atl6233-ATL',
162 silly registry.get     'x-cache': 'HIT',
162 silly registry.get     'x-cache-hits': '1',
162 silly registry.get     'x-timer': 'S1421619570.644795,VS0,VE1',
162 silly registry.get     vary: 'Accept',
162 silly registry.get     'keep-alive': 'timeout=10, max=50',
162 silly registry.get     connection: 'Keep-Alive' } ]
163 silly addNameRange number 2 { name: 'method-override',
163 silly addNameRange   range: '>=1.0.0-0 <2.0.0-0',
163 silly addNameRange   hasData: true }
164 silly addNameRange versions [ 'method-override',
164 silly addNameRange   [ '1.0.0',
164 silly addNameRange     '1.0.1',
164 silly addNameRange     '1.0.2',
164 silly addNameRange     '2.0.0',
164 silly addNameRange     '2.0.1',
164 silly addNameRange     '2.0.2',
164 silly addNameRange     '2.1.0',
164 silly addNameRange     '2.1.1',
164 silly addNameRange     '2.1.2',
164 silly addNameRange     '2.1.3',
164 silly addNameRange     '2.2.0',
164 silly addNameRange     '2.3.0',
164 silly addNameRange     '2.3.1' ] ]
165 verbose addNamed [ 'method-override', '1.0.2' ]
166 verbose addNamed [ '1.0.2', '1.0.2' ]
167 silly lockFile 23338e91-method-override-1-0-2 method-override@1.0.2
168 verbose lock method-override@1.0.2 /Users/gustavoasj/.npm/23338e91-method-override-1-0-2.lock
169 silly lockFile 746df826-erride-method-override-1-0-2-tgz https://registry.npmjs.org/method-override/-/method-override-1.0.2.tgz
170 verbose lock https://registry.npmjs.org/method-override/-/method-override-1.0.2.tgz /Users/gustavoasj/.npm/746df826-erride-method-override-1-0-2-tgz.lock
171 verbose addRemoteTarball [ 'https://registry.npmjs.org/method-override/-/method-override-1.0.2.tgz',
171 verbose addRemoteTarball   'd6f80275db23a23380028c9215b97470be01d689' ]
172 info retry fetch attempt 1 at 20:19:31
173 verbose fetch to= /var/folders/zv/mdp6tntn65xf60mz1gj081vh0000gn/T/npm-26632-lyD67cGT/registry.npmjs.org/method-override/-/method-override-1.0.2.tgz
174 http GET https://registry.npmjs.org/method-override/-/method-override-1.0.2.tgz
175 http 200 https://registry.npmjs.org/jade
176 silly registry.get cb [ 200,
176 silly registry.get   { date: 'Sun, 18 Jan 2015 22:19:31 GMT',
176 silly registry.get     server: 'CouchDB/1.5.0 (Erlang OTP/R16B03)',
176 silly registry.get     etag: '"385FTO6CY2RDC9ATA7YJUWZET"',
176 silly registry.get     'content-type': 'application/json',
176 silly registry.get     'cache-control': 'max-age=60',
176 silly registry.get     'content-length': '139150',
176 silly registry.get     'accept-ranges': 'bytes',
176 silly registry.get     via: '1.1 varnish',
176 silly registry.get     age: '14',
176 silly registry.get     'x-served-by': 'cache-atl6226-ATL',
176 silly registry.get     'x-cache': 'HIT',
176 silly registry.get     'x-cache-hits': '1',
176 silly registry.get     'x-timer': 'S1421619571.704166,VS0,VE2',
176 silly registry.get     vary: 'Accept',
176 silly registry.get     'keep-alive': 'timeout=10, max=50',
176 silly registry.get     connection: 'Keep-Alive' } ]
177 silly addNameRange number 2 { name: 'jade', range: '>=0.31.2-0 <0.32.0-0', hasData: true }
178 silly addNameRange versions [ 'jade',
178 silly addNameRange   [ '0.0.1',
178 silly addNameRange     '0.0.2',
178 silly addNameRange     '0.1.0',
178 silly addNameRange     '0.2.0',
178 silly addNameRange     '0.2.1',
178 silly addNameRange     '0.2.2',
178 silly addNameRange     '0.2.3',
178 silly addNameRange     '0.2.4',
178 silly addNameRange     '0.3.0',
178 silly addNameRange     '0.4.0',
178 silly addNameRange     '0.4.1',
178 silly addNameRange     '0.5.0',
178 silly addNameRange     '0.5.1',
178 silly addNameRange     '0.5.2',
178 silly addNameRange     '0.5.3',
178 silly addNameRange     '0.5.4',
178 silly addNameRange     '0.5.5',
178 silly addNameRange     '0.5.6',
178 silly addNameRange     '0.5.7',
178 silly addNameRange     '0.6.0',
178 silly addNameRange     '0.6.1',
178 silly addNameRange     '0.6.3',
178 silly addNameRange     '0.7.0',
178 silly addNameRange     '0.7.1',
178 silly addNameRange     '0.8.0',
178 silly addNameRange     '0.8.1',
178 silly addNameRange     '0.8.2',
178 silly addNameRange     '0.8.3',
178 silly addNameRange     '0.8.4',
178 silly addNameRange     '0.8.5',
178 silly addNameRange     '0.8.6',
178 silly addNameRange     '0.8.7',
178 silly addNameRange     '0.8.8',
178 silly addNameRange     '0.8.9',
178 silly addNameRange     '0.9.0',
178 silly addNameRange     '0.9.1',
178 silly addNameRange     '0.9.2',
178 silly addNameRange     '0.9.3',
178 silly addNameRange     '0.10.0',
178 silly addNameRange     '0.10.1',
178 silly addNameRange     '0.10.2',
178 silly addNameRange     '0.10.3',
178 silly addNameRange     '0.10.4',
178 silly addNameRange     '0.10.5',
178 silly addNameRange     '0.10.6',
178 silly addNameRange     '0.10.7',
178 silly addNameRange     '0.11.0',
178 silly addNameRange     '0.11.1',
178 silly addNameRange     '0.12.0',
178 silly addNameRange     '0.12.1',
178 silly addNameRange     '0.12.2',
178 silly addNameRange     '0.12.3',
178 silly addNameRange     '0.12.4',
178 silly addNameRange     '0.13.0',
178 silly addNameRange     '0.14.0',
178 silly addNameRange     '0.14.1',
178 silly addNameRange     '0.14.2',
178 silly addNameRange     '0.15.0',
178 silly addNameRange     '0.15.1',
178 silly addNameRange     '0.15.2',
178 silly addNameRange     '0.15.3',
178 silly addNameRange     '0.15.4',
178 silly addNameRange     '0.16.0',
178 silly addNameRange     '0.16.1',
178 silly addNameRange     '0.16.2',
178 silly addNameRange     '0.16.3',
178 silly addNameRange     '0.16.4',
178 silly addNameRange     '0.17.0',
178 silly addNameRange     '0.18.0',
178 silly addNameRange     '0.19.0',
178 silly addNameRange     '0.20.0',
178 silly addNameRange     '0.20.1',
178 silly addNameRange     '0.20.2',
178 silly addNameRange     '0.20.3',
178 silly addNameRange     '0.21.0',
178 silly addNameRange     '0.22.0',
178 silly addNameRange     '0.22.1',
178 silly addNameRange     '0.23.0',
178 silly addNameRange     '0.24.0',
178 silly addNameRange     '0.25.0',
178 silly addNameRange     '0.26.0',
178 silly addNameRange     '0.26.1',
178 silly addNameRange     '0.26.2',
178 silly addNameRange     '0.26.3',
178 silly addNameRange     '0.27.0',
178 silly addNameRange     '0.27.1',
178 silly addNameRange     '0.27.2',
178 silly addNameRange     '0.27.3',
178 silly addNameRange     '0.27.4',
178 silly addNameRange     '0.27.5',
178 silly addNameRange     '0.27.6',
178 silly addNameRange     '0.27.7',
178 silly addNameRange     '0.28.0',
178 silly addNameRange     '0.28.1',
178 silly addNameRange     '0.28.2',
178 silly addNameRange     '0.29.0',
178 silly addNameRange     '0.30.0',
178 silly addNameRange     '0.31.0',
178 silly addNameRange     '0.31.1',
178 silly addNameRange     '0.31.2',
178 silly addNameRange     '0.32.0',
178 silly addNameRange     '0.33.0',
178 silly addNameRange     '0.34.0',
178 silly addNameRange     '0.34.1',
178 silly addNameRange     '0.35.0',
178 silly addNameRange     '1.0.0',
178 silly addNameRange     '1.0.1',
178 silly addNameRange     '1.0.2',
178 silly addNameRange     '1.1.0',
178 silly addNameRange     '1.1.1',
178 silly addNameRange     '1.1.2',
178 silly addNameRange     '1.1.3',
178 silly addNameRange     '1.1.4',
178 silly addNameRange     '1.1.5',
178 silly addNameRange     '1.2.0',
178 silly addNameRange     '1.3.0',
178 silly addNameRange     '1.3.1',
178 silly addNameRange     '1.4.0',
178 silly addNameRange     '1.4.1',
178 silly addNameRange     '1.4.2',
178 silly addNameRange     '1.5.0',
178 silly addNameRange     '1.6.0',
178 silly addNameRange     '1.7.0',
178 silly addNameRange     '1.8.0',
178 silly addNameRange     '1.8.1',
178 silly addNameRange     '1.8.2',
178 silly addNameRange     '1.9.0',
178 silly addNameRange     '1.9.1' ] ]
179 verbose addNamed [ 'jade', '0.31.2' ]
180 verbose addNamed [ '0.31.2', '0.31.2' ]
181 silly lockFile 74023255-jade-0-31-2 jade@0.31.2
182 verbose lock jade@0.31.2 /Users/gustavoasj/.npm/74023255-jade-0-31-2.lock
183 silly lockFile 14c85943-y-npmjs-org-jade-jade-0-31-2-tgz https://registry.npmjs.org/jade/-/jade-0.31.2.tgz
184 verbose lock https://registry.npmjs.org/jade/-/jade-0.31.2.tgz /Users/gustavoasj/.npm/14c85943-y-npmjs-org-jade-jade-0-31-2-tgz.lock
185 verbose addRemoteTarball [ 'https://registry.npmjs.org/jade/-/jade-0.31.2.tgz',
185 verbose addRemoteTarball   'cdc8ad8120a8bc58ee8cd975e19fdc5552f8492a' ]
186 info retry fetch attempt 1 at 20:19:32
187 verbose fetch to= /var/folders/zv/mdp6tntn65xf60mz1gj081vh0000gn/T/npm-26632-lyD67cGT/registry.npmjs.org/jade/-/jade-0.31.2.tgz
188 http GET https://registry.npmjs.org/jade/-/jade-0.31.2.tgz
189 http 200 https://registry.npmjs.org/method-override/-/method-override-1.0.2.tgz
190 silly lockFile 746df826-erride-method-override-1-0-2-tgz https://registry.npmjs.org/method-override/-/method-override-1.0.2.tgz
191 silly lockFile 746df826-erride-method-override-1-0-2-tgz https://registry.npmjs.org/method-override/-/method-override-1.0.2.tgz
192 silly lockFile 23338e91-method-override-1-0-2 method-override@1.0.2
193 silly lockFile 23338e91-method-override-1-0-2 method-override@1.0.2
194 silly lockFile 8e11df7c-method-override-1-0-0 method-override@^1.0.0
195 silly lockFile 8e11df7c-method-override-1-0-0 method-override@^1.0.0
196 http 200 https://registry.npmjs.org/jade/-/jade-0.31.2.tgz
197 http 200 https://registry.npmjs.org/error-handler
198 silly registry.get cb [ 200,
198 silly registry.get   { date: 'Sun, 18 Jan 2015 22:19:33 GMT',
198 silly registry.get     server: 'CouchDB/1.5.0 (Erlang OTP/R16B03)',
198 silly registry.get     etag: '"2TDMPA024AIXT0LH5MJ6AY2MQ"',
198 silly registry.get     'content-type': 'application/json',
198 silly registry.get     'cache-control': 'max-age=60',
198 silly registry.get     'content-length': '12816',
198 silly registry.get     'accept-ranges': 'bytes',
198 silly registry.get     via: '1.1 varnish',
198 silly registry.get     age: '0',
198 silly registry.get     'x-served-by': 'cache-atl6232-ATL',
198 silly registry.get     'x-cache': 'MISS',
198 silly registry.get     'x-cache-hits': '0',
198 silly registry.get     'x-timer': 'S1421619573.259694,VS0,VE144',
198 silly registry.get     vary: 'Accept',
198 silly registry.get     'keep-alive': 'timeout=10, max=50',
198 silly registry.get     connection: 'Keep-Alive' } ]
199 silly addNameRange number 2 { name: 'error-handler',
199 silly addNameRange   range: '>=0.1.4-0 <0.2.0-0',
199 silly addNameRange   hasData: true }
200 silly addNameRange versions [ 'error-handler',
200 silly addNameRange   [ '0.0.1',
200 silly addNameRange     '0.0.2',
200 silly addNameRange     '0.1.0',
200 silly addNameRange     '0.1.1',
200 silly addNameRange     '0.1.2',
200 silly addNameRange     '0.1.3',
200 silly addNameRange     '0.1.4',
200 silly addNameRange     '1.0.0' ] ]
201 verbose addNamed [ 'error-handler', '0.1.4' ]
202 verbose addNamed [ '0.1.4', '0.1.4' ]
203 silly lockFile 7bc1aa72-error-handler-0-1-4 error-handler@0.1.4
204 verbose lock error-handler@0.1.4 /Users/gustavoasj/.npm/7bc1aa72-error-handler-0-1-4.lock
205 silly lockFile 56773644--handler-error-handler-0-1-4-tgz https://registry.npmjs.org/error-handler/-/error-handler-0.1.4.tgz
206 verbose lock https://registry.npmjs.org/error-handler/-/error-handler-0.1.4.tgz /Users/gustavoasj/.npm/56773644--handler-error-handler-0-1-4-tgz.lock
207 verbose addRemoteTarball [ 'https://registry.npmjs.org/error-handler/-/error-handler-0.1.4.tgz',
207 verbose addRemoteTarball   'aea77098cff51b0efd9473515b78f19dbd3ef578' ]
208 info retry fetch attempt 1 at 20:19:33
209 verbose fetch to= /var/folders/zv/mdp6tntn65xf60mz1gj081vh0000gn/T/npm-26632-lyD67cGT/registry.npmjs.org/error-handler/-/error-handler-0.1.4.tgz
210 http GET https://registry.npmjs.org/error-handler/-/error-handler-0.1.4.tgz
211 silly lockFile 14c85943-y-npmjs-org-jade-jade-0-31-2-tgz https://registry.npmjs.org/jade/-/jade-0.31.2.tgz
212 silly lockFile 14c85943-y-npmjs-org-jade-jade-0-31-2-tgz https://registry.npmjs.org/jade/-/jade-0.31.2.tgz
213 silly lockFile 74023255-jade-0-31-2 jade@0.31.2
214 silly lockFile 74023255-jade-0-31-2 jade@0.31.2
215 silly lockFile 950216ff-jade-0-31-2 jade@~0.31.2
216 silly lockFile 950216ff-jade-0-31-2 jade@~0.31.2
217 http 200 https://registry.npmjs.org/express/-/express-4.1.2.tgz
218 http 200 https://registry.npmjs.org/error-handler/-/error-handler-0.1.4.tgz
219 silly lockFile 56773644--handler-error-handler-0-1-4-tgz https://registry.npmjs.org/error-handler/-/error-handler-0.1.4.tgz
220 silly lockFile 56773644--handler-error-handler-0-1-4-tgz https://registry.npmjs.org/error-handler/-/error-handler-0.1.4.tgz
221 silly lockFile 7bc1aa72-error-handler-0-1-4 error-handler@0.1.4
222 silly lockFile 7bc1aa72-error-handler-0-1-4 error-handler@0.1.4
223 silly lockFile c54f9b9b-error-handler-0-1-4 error-handler@^0.1.4
224 silly lockFile c54f9b9b-error-handler-0-1-4 error-handler@^0.1.4
225 silly lockFile 9a80f174-js-org-express-express-4-1-2-tgz https://registry.npmjs.org/express/-/express-4.1.2.tgz
226 silly lockFile 9a80f174-js-org-express-express-4-1-2-tgz https://registry.npmjs.org/express/-/express-4.1.2.tgz
227 silly lockFile e48cdf41-express-4-1-2 express@4.1.2
228 silly lockFile e48cdf41-express-4-1-2 express@4.1.2
229 silly lockFile d2a80f76-express-4-1-1 express@~4.1.1
230 silly lockFile d2a80f76-express-4-1-1 express@~4.1.1
231 error Error: EACCES, mkdir '/Users/gustavoasj/.npm/express/4.1.2'
231 error  { [Error: EACCES, mkdir '/Users/gustavoasj/.npm/express/4.1.2']
231 error   errno: 3,
231 error   code: 'EACCES',
231 error   path: '/Users/gustavoasj/.npm/express/4.1.2',
231 error   parent: 'application-name' }
232 error Please try running this command again as root/Administrator.
233 error System Darwin 14.0.0
234 error command "node" "/usr/local/bin/npm" "install"
235 error cwd /Users/gustavoasj/Dropbox/CEFET/7 periodo/Web/tp2/my-project
236 error node -v v0.10.33
237 error npm -v 1.4.28
238 error path /Users/gustavoasj/.npm/express/4.1.2
239 error code EACCES
240 error errno 3
241 error stack Error: EACCES, mkdir '/Users/gustavoasj/.npm/express/4.1.2'
242 verbose exit [ 3, true ]
